<?xml version="1.0" encoding="UTF-8"?>
<testng-results ignored="1" total="2" passed="1" failed="0" skipped="0">
  <reporter-output>
  </reporter-output>
  <suite started-at="2022-12-07T16:53:10 IST" name="Default suite" finished-at="2022-12-07T16:54:10 IST" duration-ms="60511">
    <groups>
    </groups>
    <test started-at="2022-12-07T16:53:10 IST" name="Default test" finished-at="2022-12-07T16:54:10 IST" duration-ms="60511">
      <class name="demo125.Hybridapps">
        <test-method is-config="true" signature="BT()[pri:0, instance:demo125.Hybridapps@b9b00e0]" started-at="2022-12-07T16:53:10 IST" name="BT" finished-at="2022-12-07T16:53:23 IST" duration-ms="13282" status="PASS">
          <reporter-output>
          </reporter-output>
        </test-method> <!-- BT -->
        <test-method signature="postestcase()[pri:0, instance:demo125.Hybridapps@b9b00e0]" started-at="2022-12-07T16:53:23 IST" name="postestcase" finished-at="2022-12-07T16:54:10 IST" duration-ms="47152" status="PASS">
          <reporter-output>
          </reporter-output>
        </test-method> <!-- postestcase -->
      </class> <!-- demo125.Hybridapps -->
    </test> <!-- Default test -->
  </suite> <!-- Default suite -->
</testng-results>
